<?xml version="1.0" encoding="UTF-8"?>
<testsuite xmlns:xsi="http://www.w3.org/2001/XMLSchema-instance" xsi:noNamespaceSchemaLocation="https://maven.apache.org/surefire/maven-surefire-plugin/xsd/surefire-test-report.xsd" version="3.0.2" name="uk.ac.ed.acp.cw2.AcpCw2ApplicationTests" time="10.377" tests="1" errors="0" skipped="0" failures="0">
  <properties>
[...]
</properties>
  <testcase name="contextLoads" classname="uk.ac.ed.acp.cw2.AcpCw2ApplicationTests" time="2.07">
    <system-out><![CDATA[12:43:28.075 [main] INFO org.springframework.test.context.support.AnnotationConfigContextLoaderUtils -- Could not detect default configuration classes for test class [uk.ac.ed.acp.cw2.AcpCw2ApplicationTests]: AcpCw2ApplicationTests does not declare any static, non-private, non-final, nested classes annotated with @Configuration.
12:43:28.433 [main] INFO org.springframework.boot.test.context.SpringBootTestContextBootstrapper -- Found @SpringBootConfiguration uk.ac.ed.acp.cw2.Application for test class uk.ac.ed.acp.cw2.AcpCw2ApplicationTests

  .   ____          _            __ _ _
 /\\ / ___'_ __ _ _(_)_ __  __ _ \ \ \ \
( ( )\___ | '_ | '_| | '_ \/ _` | \ \ \ \
 \\/  ___)| |_)| | | | | || (_| |  ) ) ) )
  '  |____| .__|_| |_|_| |_\__, | / / / /
 =========|_|==============|___/=/_/_/_/

 :: Spring Boot ::                (v3.4.3)

2025-04-08T12:43:29.557+01:00  WARN 26088 --- [acpCw2Service] [           main] ory$DuplicateJsonObjectContextCustomizer : 

Found multiple occurrences of org.json.JSONObject on the class path:

	jar:file:/C:/Users/Neha/.m2/repository/com/vaadin/external/google/android-json/0.0.20131108.vaadin1/android-json-0.0.20131108.vaadin1.jar!/org/json/JSONObject.class
	jar:file:/C:/Users/Neha/.m2/repository/org/json/json/20220320/json-20220320.jar!/org/json/JSONObject.class

You may wish to exclude one of them to ensure predictable runtime behavior

2025-04-08T12:43:29.599+01:00  INFO 26088 --- [acpCw2Service] [           main] u.ac.ed.acp.cw2.AcpCw2ApplicationTests   : Starting AcpCw2ApplicationTests using Java 20.0.2 with PID 26088 (started by Neha in C:\Users\Neha\IdeaProjects\acp_submission_2)
2025-04-08T12:43:29.601+01:00  INFO 26088 --- [acpCw2Service] [           main] u.ac.ed.acp.cw2.AcpCw2ApplicationTests   : No active profile set, falling back to 1 default profile: "default"
2025-04-08T12:43:35.688+01:00  INFO 26088 --- [acpCw2Service] [           main] u.ac.ed.acp.cw2.AcpCw2ApplicationTests   : Started AcpCw2ApplicationTests in 6.865 seconds (process running for 10.564)
]]></system-out>
  </testcase>
</testsuite>